<?xml version="1.0" encoding="UTF-8"?>
<testng-results skipped="0" failed="0" ignored="0" total="7" passed="7">
  <reporter-output>
  </reporter-output>
  <suite name="Default suite" duration-ms="15064" started-at="2022-05-17T15:26:42Z" finished-at="2022-05-17T15:26:57Z">
    <groups>
    </groups>
    <test name="Default test" duration-ms="15064" started-at="2022-05-17T15:26:42Z" finished-at="2022-05-17T15:26:57Z">
      <class name="RestAssured1.FirstRestAssuredProject.TestCases">
        <test-method status="PASS" signature="Post()[pri:1, instance:RestAssured1.FirstRestAssuredProject.TestCases@59fa1d9b]" name="Post" duration-ms="4523" started-at="2022-05-17T15:26:42Z" finished-at="2022-05-17T15:26:46Z">
          <reporter-output>
          </reporter-output>
        </test-method> <!-- Post -->
        <test-method status="PASS" signature="Get()[pri:2, instance:RestAssured1.FirstRestAssuredProject.TestCases@59fa1d9b]" name="Get" duration-ms="1853" started-at="2022-05-17T15:26:46Z" finished-at="2022-05-17T15:26:48Z">
          <reporter-output>
          </reporter-output>
        </test-method> <!-- Get -->
        <test-method status="PASS" signature="Put()[pri:3, instance:RestAssured1.FirstRestAssuredProject.TestCases@59fa1d9b]" name="Put" duration-ms="1750" started-at="2022-05-17T15:26:48Z" finished-at="2022-05-17T15:26:50Z">
          <reporter-output>
          </reporter-output>
        </test-method> <!-- Put -->
        <test-method status="PASS" signature="Delete()[pri:4, instance:RestAssured1.FirstRestAssuredProject.TestCases@59fa1d9b]" name="Delete" duration-ms="1751" started-at="2022-05-17T15:26:50Z" finished-at="2022-05-17T15:26:52Z">
          <reporter-output>
          </reporter-output>
        </test-method> <!-- Delete -->
        <test-method status="PASS" signature="DeleteNegativeScenario()[pri:5, instance:RestAssured1.FirstRestAssuredProject.TestCases@59fa1d9b]" name="DeleteNegativeScenario" duration-ms="1716" started-at="2022-05-17T15:26:52Z" finished-at="2022-05-17T15:26:53Z">
          <reporter-output>
          </reporter-output>
        </test-method> <!-- DeleteNegativeScenario -->
        <test-method status="PASS" signature="PostMethodUsingStringBody()[pri:6, instance:RestAssured1.FirstRestAssuredProject.TestCases@59fa1d9b]" name="PostMethodUsingStringBody" duration-ms="1740" started-at="2022-05-17T15:26:53Z" finished-at="2022-05-17T15:26:55Z">
          <reporter-output>
          </reporter-output>
        </test-method> <!-- PostMethodUsingStringBody -->
        <test-method status="PASS" signature="PutMethodUsingStringBody()[pri:7, instance:RestAssured1.FirstRestAssuredProject.TestCases@59fa1d9b]" name="PutMethodUsingStringBody" duration-ms="1697" started-at="2022-05-17T15:26:55Z" finished-at="2022-05-17T15:26:57Z">
          <reporter-output>
          </reporter-output>
        </test-method> <!-- PutMethodUsingStringBody -->
      </class> <!-- RestAssured1.FirstRestAssuredProject.TestCases -->
    </test> <!-- Default test -->
  </suite> <!-- Default suite -->
</testng-results>
